
Showing logs for build [32mcb-kubecd-environment-pr-209-13-d4fqv-1[0m stage [32mfrom-build-pack[0m and container [32mstep-credential-initializer-zzdhh[0m
{"level":"info","ts":1587763871.168436,"logger":"fallback-logger","caller":"logging/config.go:69","msg":"Fetch GitHub commit ID from kodata failed: open /var/run/ko/refs/heads/0.8.0-ns-support: no such file or directory"}
{"level":"info","ts":1587763871.1693752,"logger":"fallback-logger","caller":"creds-init/main.go:40","msg":"Credentials initialized."}

Showing logs for build [32mcb-kubecd-environment-pr-209-13-d4fqv-1[0m stage [32mfrom-build-pack[0m and container [32mstep-working-dir-initializer-dz9nv[0m
{"level":"info","ts":1587763872.1116238,"logger":"fallback-logger","caller":"logging/config.go:69","msg":"Fetch GitHub commit ID from kodata failed: open /var/run/ko/HEAD: no such file or directory"}
{"level":"info","ts":1587763872.1194217,"logger":"fallback-logger","caller":"bash/main.go:64","msg":"Successfully executed command \"sh -c mkdir -p /workspace/source\"; output "}

Showing logs for build [32mcb-kubecd-environment-pr-209-13-d4fqv-1[0m stage [32mfrom-build-pack[0m and container [32mstep-place-tools[0m

Showing logs for build [32mcb-kubecd-environment-pr-209-13-d4fqv-1[0m stage [32mfrom-build-pack[0m and container [32mstep-git-source-cb-kubecd-environment-pr-209-13-d4fqv-sfnf9[0m
{"level":"info","ts":1587763878.2041657,"logger":"fallback-logger","caller":"logging/config.go:69","msg":"Fetch GitHub commit ID from kodata failed: open /var/run/ko/refs/heads/0.8.0-ns-support: no such file or directory"}
{"level":"info","ts":1587763879.3368819,"logger":"fallback-logger","caller":"git/git.go:103","msg":"Successfully cloned https://github.com/cb-kubecd/environment-pr-209-13-boot-gke-staging.git @ master in path /workspace/source"}

Showing logs for build [32mcb-kubecd-environment-pr-209-13-d4fqv-1[0m stage [32mfrom-build-pack[0m and container [32mstep-git-merge[0m
Using SHAs from PULL_REFS=master:f8e2722b82b017ffc8353f715c8bcaa6cf7a9553,5:911d09d8b523f791066389a661bf7bfafa693da8
DEBUG: LC_ALL=C JX_LOG_LEVEL=error git fetch origin --unshallow 911d09d8b523f791066389a661bf7bfafa693da8: f8e2722b82b017ffc8353f715c8bcaa6cf7a9553:
DEBUG: ran git fetch --unshallow origin 911d09d8b523f791066389a661bf7bfafa693da8: f8e2722b82b017ffc8353f715c8bcaa6cf7a9553: in 
DEBUG: LC_ALL=C JX_LOG_LEVEL=error git branch
DEBUG: LC_ALL=C JX_LOG_LEVEL=error git checkout master
DEBUG: ran git checkout master in 
DEBUG: LC_ALL=C JX_LOG_LEVEL=error git reset --hard f8e2722b82b017ffc8353f715c8bcaa6cf7a9553
DEBUG: ran git reset --hard f8e2722b82b017ffc8353f715c8bcaa6cf7a9553 in 
DEBUG: LC_ALL=C JX_LOG_LEVEL=error git clean -fd .
DEBUG: ran clean --force -d . in 
DEBUG: JX_LOG_LEVEL=error LC_ALL=C git merge 911d09d8b523f791066389a661bf7bfafa693da8
DEBUG: ran git merge 911d09d8b523f791066389a661bf7bfafa693da8 in 
DEBUG: LC_ALL=C JX_LOG_LEVEL=error git log --format=%H%x1f%an%x1f%ae%x1f%cn%x1f%ce%x1f%s%n%b%x1e f8e2722b82b017ffc8353f715c8bcaa6cf7a9553..HEAD
Merged SHA 911d09d8b523f791066389a661bf7bfafa693da8 with commit message 'chore: Promote bdd-ghf**y-import-1587763541 to version 0.0.1' into base branch master

Showing logs for build [32mcb-kubecd-environment-pr-209-13-d4fqv-1[0m stage [32mfrom-build-pack[0m and container [32mstep-build-helm-build[0m
WARNING: No $CHART_REPOSITORY defined so using the default value of: http://jenkins-x-chartmuseum:8080
Adding missing Helm repo: storage.googleapis.com https://storage.googleapis.com/chartmuseum.jenkins-x.io
WARNING: No secrets found on "helm/repos" due: reading the secret "helm/repos" from vault: no secret "helm/repos" not found in vault
Read credentials for https://storage.googleapis.com/chartmuseum.jenkins-x.io from vault helm/repos
Successfully added Helm repository storage.googleapis.com.
Adding missing Helm repo: jenkins-x-chartmuseum http://jenkins-x-chartmuseum:8080
WARNING: No secrets found on "helm/repos" due: reading the secret "helm/repos" from vault: no secret "helm/repos" not found in vault
Read credentials for http://jenkins-x-chartmuseum:8080 from vault helm/repos
Successfully added Helm repository jenkins-x-chartmuseum.
WARNING: No $CHART_REPOSITORY defined so using the default value of: http://jenkins-x-chartmuseum:8080
Adding missing Helm repo: chartmuseum.jenkins-x.io http://chartmuseum.jenkins-x.io
WARNING: No secrets found on "helm/repos" due: reading the secret "helm/repos" from vault: no secret "helm/repos" not found in vault
Read credentials for http://chartmuseum.jenkins-x.io from vault helm/repos
Successfully added Helm repository chartmuseum.jenkins-x.io.
