
Showing logs for build [32mcb-kubecd-environment-pr-209-13-lrqkk-1[0m stage [32mfrom-build-pack[0m and container [32mstep-credential-initializer-j6tck[0m
{"level":"info","ts":1587763142.5283775,"logger":"fallback-logger","caller":"logging/config.go:69","msg":"Fetch GitHub commit ID from kodata failed: open /var/run/ko/refs/heads/0.8.0-ns-support: no such file or directory"}
{"level":"info","ts":1587763142.529055,"logger":"fallback-logger","caller":"creds-init/main.go:40","msg":"Credentials initialized."}

Showing logs for build [32mcb-kubecd-environment-pr-209-13-lrqkk-1[0m stage [32mfrom-build-pack[0m and container [32mstep-working-dir-initializer-dbfwg[0m
{"level":"info","ts":1587763143.0478766,"logger":"fallback-logger","caller":"logging/config.go:69","msg":"Fetch GitHub commit ID from kodata failed: open /var/run/ko/HEAD: no such file or directory"}
{"level":"info","ts":1587763143.0494962,"logger":"fallback-logger","caller":"bash/main.go:64","msg":"Successfully executed command \"sh -c mkdir -p /workspace/source\"; output "}

Showing logs for build [32mcb-kubecd-environment-pr-209-13-lrqkk-1[0m stage [32mfrom-build-pack[0m and container [32mstep-place-tools[0m

Showing logs for build [32mcb-kubecd-environment-pr-209-13-lrqkk-1[0m stage [32mfrom-build-pack[0m and container [32mstep-git-source-cb-kubecd-environment-pr-209-13-lrqkk-wwtnf[0m
{"level":"info","ts":1587763146.3156273,"logger":"fallback-logger","caller":"logging/config.go:69","msg":"Fetch GitHub commit ID from kodata failed: open /var/run/ko/refs/heads/0.8.0-ns-support: no such file or directory"}
{"level":"info","ts":1587763147.5739703,"logger":"fallback-logger","caller":"git/git.go:103","msg":"Successfully cloned https://github.com/cb-kubecd/environment-pr-209-13-boot-gke-staging.git @ master in path /workspace/source"}

Showing logs for build [32mcb-kubecd-environment-pr-209-13-lrqkk-1[0m stage [32mfrom-build-pack[0m and container [32mstep-git-merge[0m
Using SHAs from PULL_REFS=master:59eb4e82b3f72d75f11ff1316e97c87091314c25,4:ad607817d132d0f1101beab9cba5c9eaeae7baab
DEBUG: LC_ALL=C JX_LOG_LEVEL=error git fetch origin --unshallow ad607817d132d0f1101beab9cba5c9eaeae7baab: 59eb4e82b3f72d75f11ff1316e97c87091314c25:
DEBUG: ran git fetch --unshallow origin ad607817d132d0f1101beab9cba5c9eaeae7baab: 59eb4e82b3f72d75f11ff1316e97c87091314c25: in 
DEBUG: JX_LOG_LEVEL=error LC_ALL=C git branch
DEBUG: LC_ALL=C JX_LOG_LEVEL=error git checkout master
DEBUG: ran git checkout master in 
DEBUG: JX_LOG_LEVEL=error LC_ALL=C git reset --hard 59eb4e82b3f72d75f11ff1316e97c87091314c25
DEBUG: ran git reset --hard 59eb4e82b3f72d75f11ff1316e97c87091314c25 in 
DEBUG: LC_ALL=C JX_LOG_LEVEL=error git clean -fd .
DEBUG: ran clean --force -d . in 
DEBUG: LC_ALL=C JX_LOG_LEVEL=error git merge ad607817d132d0f1101beab9cba5c9eaeae7baab
DEBUG: ran git merge ad607817d132d0f1101beab9cba5c9eaeae7baab in 
DEBUG: LC_ALL=C JX_LOG_LEVEL=error git log --format=%H%x1f%an%x1f%ae%x1f%cn%x1f%ce%x1f%s%n%b%x1e 59eb4e82b3f72d75f11ff1316e97c87091314c25..HEAD
Merged SHA ad607817d132d0f1101beab9cba5c9eaeae7baab with commit message 'chore: Promote bdd-nh-1587761365 to version 0.0.1' into base branch master

Showing logs for build [32mcb-kubecd-environment-pr-209-13-lrqkk-1[0m stage [32mfrom-build-pack[0m and container [32mstep-build-helm-build[0m
WARNING: No $CHART_REPOSITORY defined so using the default value of: http://jenkins-x-chartmuseum:8080
Adding missing Helm repo: storage.googleapis.com https://storage.googleapis.com/chartmuseum.jenkins-x.io
WARNING: No secrets found on "helm/repos" due: reading the secret "helm/repos" from vault: no secret "helm/repos" not found in vault
Read credentials for https://storage.googleapis.com/chartmuseum.jenkins-x.io from vault helm/repos
Successfully added Helm repository storage.googleapis.com.
Adding missing Helm repo: jenkins-x-chartmuseum http://jenkins-x-chartmuseum:8080
WARNING: No secrets found on "helm/repos" due: reading the secret "helm/repos" from vault: no secret "helm/repos" not found in vault
Read credentials for http://jenkins-x-chartmuseum:8080 from vault helm/repos
Successfully added Helm repository jenkins-x-chartmuseum.
WARNING: No $CHART_REPOSITORY defined so using the default value of: http://jenkins-x-chartmuseum:8080
Adding missing Helm repo: chartmuseum.jenkins-x.io http://chartmuseum.jenkins-x.io
WARNING: No secrets found on "helm/repos" due: reading the secret "helm/repos" from vault: no secret "helm/repos" not found in vault
Read credentials for http://chartmuseum.jenkins-x.io from vault helm/repos
Successfully added Helm repository chartmuseum.jenkins-x.io.
