
Showing logs for build [32mcb-kubecd-environment-pr-209-13-dhqs4-1[0m stage [32mfrom-build-pack[0m and container [32mstep-credential-initializer-68g9t[0m
{"level":"info","ts":1587760622.2280297,"logger":"fallback-logger","caller":"logging/config.go:69","msg":"Fetch GitHub commit ID from kodata failed: open /var/run/ko/refs/heads/0.8.0-ns-support: no such file or directory"}
{"level":"info","ts":1587760622.228804,"logger":"fallback-logger","caller":"creds-init/main.go:40","msg":"Credentials initialized."}

Showing logs for build [32mcb-kubecd-environment-pr-209-13-dhqs4-1[0m stage [32mfrom-build-pack[0m and container [32mstep-working-dir-initializer-mc4sh[0m
{"level":"info","ts":1587760623.6326654,"logger":"fallback-logger","caller":"logging/config.go:69","msg":"Fetch GitHub commit ID from kodata failed: open /var/run/ko/HEAD: no such file or directory"}
{"level":"info","ts":1587760623.6347165,"logger":"fallback-logger","caller":"bash/main.go:64","msg":"Successfully executed command \"sh -c mkdir -p /workspace/source\"; output "}

Showing logs for build [32mcb-kubecd-environment-pr-209-13-dhqs4-1[0m stage [32mfrom-build-pack[0m and container [32mstep-place-tools[0m

Showing logs for build [32mcb-kubecd-environment-pr-209-13-dhqs4-1[0m stage [32mfrom-build-pack[0m and container [32mstep-git-source-cb-kubecd-environment-pr-209-13-dhqs4-9gmkj[0m
{"level":"info","ts":1587760627.8266969,"logger":"fallback-logger","caller":"logging/config.go:69","msg":"Fetch GitHub commit ID from kodata failed: open /var/run/ko/refs/heads/0.8.0-ns-support: no such file or directory"}
{"level":"info","ts":1587760628.9049842,"logger":"fallback-logger","caller":"git/git.go:103","msg":"Successfully cloned https://github.com/cb-kubecd/environment-pr-209-13-boot-gke-staging.git @ master in path /workspace/source"}

Showing logs for build [32mcb-kubecd-environment-pr-209-13-dhqs4-1[0m stage [32mfrom-build-pack[0m and container [32mstep-git-merge[0m
Using SHAs from PULL_REFS=master:091a369d9f30ea93c4d995fbe0973d3e1e8095fc,1:b8ad96a33945809f34f907fc4eaef9a7f536e525
DEBUG: LC_ALL=C JX_LOG_LEVEL=error git fetch origin --unshallow b8ad96a33945809f34f907fc4eaef9a7f536e525: 091a369d9f30ea93c4d995fbe0973d3e1e8095fc:
DEBUG: ran git fetch --unshallow origin b8ad96a33945809f34f907fc4eaef9a7f536e525: 091a369d9f30ea93c4d995fbe0973d3e1e8095fc: in 
DEBUG: LC_ALL=C JX_LOG_LEVEL=error git branch
DEBUG: LC_ALL=C JX_LOG_LEVEL=error git checkout master
DEBUG: ran git checkout master in 
DEBUG: LC_ALL=C JX_LOG_LEVEL=error git reset --hard 091a369d9f30ea93c4d995fbe0973d3e1e8095fc
DEBUG: ran git reset --hard 091a369d9f30ea93c4d995fbe0973d3e1e8095fc in 
DEBUG: LC_ALL=C JX_LOG_LEVEL=error git clean -fd .
DEBUG: ran clean --force -d . in 
DEBUG: LC_ALL=C JX_LOG_LEVEL=error git merge b8ad96a33945809f34f907fc4eaef9a7f536e525
DEBUG: ran git merge b8ad96a33945809f34f907fc4eaef9a7f536e525 in 
DEBUG: JX_LOG_LEVEL=error LC_ALL=C git log --format=%H%x1f%an%x1f%ae%x1f%cn%x1f%ce%x1f%s%n%b%x1e 091a369d9f30ea93c4d995fbe0973d3e1e8095fc..HEAD
Merged SHA b8ad96a33945809f34f907fc4eaef9a7f536e525 with commit message 'chore: Promote bdd-spring-1587760243 to version 0.0.1' into base branch master

Showing logs for build [32mcb-kubecd-environment-pr-209-13-dhqs4-1[0m stage [32mfrom-build-pack[0m and container [32mstep-build-helm-build[0m
WARNING: No $CHART_REPOSITORY defined so using the default value of: http://jenkins-x-chartmuseum:8080
Adding missing Helm repo: storage.googleapis.com https://storage.googleapis.com/chartmuseum.jenkins-x.io
WARNING: No secrets found on "helm/repos" due: reading the secret "helm/repos" from vault: no secret "helm/repos" not found in vault
Read credentials for https://storage.googleapis.com/chartmuseum.jenkins-x.io from vault helm/repos
Successfully added Helm repository storage.googleapis.com.
Adding missing Helm repo: jenkins-x-chartmuseum http://jenkins-x-chartmuseum:8080
WARNING: No secrets found on "helm/repos" due: reading the secret "helm/repos" from vault: no secret "helm/repos" not found in vault
Read credentials for http://jenkins-x-chartmuseum:8080 from vault helm/repos
Successfully added Helm repository jenkins-x-chartmuseum.
WARNING: No $CHART_REPOSITORY defined so using the default value of: http://jenkins-x-chartmuseum:8080
Adding missing Helm repo: chartmuseum.jenkins-x.io http://chartmuseum.jenkins-x.io
WARNING: No secrets found on "helm/repos" due: reading the secret "helm/repos" from vault: no secret "helm/repos" not found in vault
Read credentials for http://chartmuseum.jenkins-x.io from vault helm/repos
Successfully added Helm repository chartmuseum.jenkins-x.io.
