
Showing logs for build [32mcb-kubecd-environment-pr-209-13-pfftr-1[0m stage [32mfrom-build-pack[0m and container [32mstep-credential-initializer-shrf7[0m
{"level":"info","ts":1587764905.5386,"logger":"fallback-logger","caller":"logging/config.go:69","msg":"Fetch GitHub commit ID from kodata failed: open /var/run/ko/refs/heads/0.8.0-ns-support: no such file or directory"}
{"level":"info","ts":1587764905.5394015,"logger":"fallback-logger","caller":"creds-init/main.go:40","msg":"Credentials initialized."}

Showing logs for build [32mcb-kubecd-environment-pr-209-13-pfftr-1[0m stage [32mfrom-build-pack[0m and container [32mstep-working-dir-initializer-vfzff[0m
{"level":"info","ts":1587764906.5551524,"logger":"fallback-logger","caller":"logging/config.go:69","msg":"Fetch GitHub commit ID from kodata failed: open /var/run/ko/HEAD: no such file or directory"}
{"level":"info","ts":1587764906.5566504,"logger":"fallback-logger","caller":"bash/main.go:64","msg":"Successfully executed command \"sh -c mkdir -p /workspace/source\"; output "}

Showing logs for build [32mcb-kubecd-environment-pr-209-13-pfftr-1[0m stage [32mfrom-build-pack[0m and container [32mstep-place-tools[0m

Showing logs for build [32mcb-kubecd-environment-pr-209-13-pfftr-1[0m stage [32mfrom-build-pack[0m and container [32mstep-git-source-cb-kubecd-environment-pr-209-13-pfftr-fggpc[0m
{"level":"info","ts":1587764911.7079048,"logger":"fallback-logger","caller":"logging/config.go:69","msg":"Fetch GitHub commit ID from kodata failed: open /var/run/ko/refs/heads/0.8.0-ns-support: no such file or directory"}
{"level":"info","ts":1587764912.8076382,"logger":"fallback-logger","caller":"git/git.go:103","msg":"Successfully cloned https://github.com/cb-kubecd/environment-pr-209-13-boot-gke-staging.git @ master in path /workspace/source"}

Showing logs for build [32mcb-kubecd-environment-pr-209-13-pfftr-1[0m stage [32mfrom-build-pack[0m and container [32mstep-git-merge[0m
Using SHAs from PULL_REFS=master:e3c179f771584beeeb0ea6afe8e78860fae47af0,7:d121a22ee82c4f461434f7528b74418fc451f0db
DEBUG: JX_LOG_LEVEL=error LC_ALL=C git fetch origin --unshallow d121a22ee82c4f461434f7528b74418fc451f0db: e3c179f771584beeeb0ea6afe8e78860fae47af0:
DEBUG: ran git fetch --unshallow origin d121a22ee82c4f461434f7528b74418fc451f0db: e3c179f771584beeeb0ea6afe8e78860fae47af0: in 
DEBUG: LC_ALL=C JX_LOG_LEVEL=error git branch
DEBUG: LC_ALL=C JX_LOG_LEVEL=error git checkout master
DEBUG: ran git checkout master in 
DEBUG: LC_ALL=C JX_LOG_LEVEL=error git reset --hard e3c179f771584beeeb0ea6afe8e78860fae47af0
DEBUG: ran git reset --hard e3c179f771584beeeb0ea6afe8e78860fae47af0 in 
DEBUG: LC_ALL=C JX_LOG_LEVEL=error git clean -fd .
DEBUG: ran clean --force -d . in 
DEBUG: LC_ALL=C JX_LOG_LEVEL=error git merge d121a22ee82c4f461434f7528b74418fc451f0db
DEBUG: ran git merge d121a22ee82c4f461434f7528b74418fc451f0db in 
DEBUG: LC_ALL=C JX_LOG_LEVEL=error git log --format=%H%x1f%an%x1f%ae%x1f%cn%x1f%ce%x1f%s%n%b%x1e e3c179f771584beeeb0ea6afe8e78860fae47af0..HEAD
Merged SHA d121a22ee82c4f461434f7528b74418fc451f0db with commit message 'chore: Promote bdd-nh-import-1587763541 to version 0.0.1' into base branch master

Showing logs for build [32mcb-kubecd-environment-pr-209-13-pfftr-1[0m stage [32mfrom-build-pack[0m and container [32mstep-build-helm-build[0m
WARNING: No $CHART_REPOSITORY defined so using the default value of: http://jenkins-x-chartmuseum:8080
Adding missing Helm repo: storage.googleapis.com https://storage.googleapis.com/chartmuseum.jenkins-x.io
WARNING: No secrets found on "helm/repos" due: reading the secret "helm/repos" from vault: no secret "helm/repos" not found in vault
Read credentials for https://storage.googleapis.com/chartmuseum.jenkins-x.io from vault helm/repos
Successfully added Helm repository storage.googleapis.com.
Adding missing Helm repo: jenkins-x-chartmuseum http://jenkins-x-chartmuseum:8080
WARNING: No secrets found on "helm/repos" due: reading the secret "helm/repos" from vault: no secret "helm/repos" not found in vault
Read credentials for http://jenkins-x-chartmuseum:8080 from vault helm/repos
Successfully added Helm repository jenkins-x-chartmuseum.
WARNING: No $CHART_REPOSITORY defined so using the default value of: http://jenkins-x-chartmuseum:8080
Adding missing Helm repo: chartmuseum.jenkins-x.io http://chartmuseum.jenkins-x.io
WARNING: No secrets found on "helm/repos" due: reading the secret "helm/repos" from vault: no secret "helm/repos" not found in vault
Read credentials for http://chartmuseum.jenkins-x.io from vault helm/repos
Successfully added Helm repository chartmuseum.jenkins-x.io.
